Symbol range map extraction starting
Processing 103 files
startProcessing "com\expanded\rails\mod\CommonProxy.java" md5: 278a4864c442ef8ff18d1f290202b774
Cache Hit!
endProcessing "com\expanded\rails\mod\CommonProxy.java"

startProcessing "com\expanded\rails\mod\ERMBase.java" md5: b8087fd045cb4bfbf970de206f2a0755
endProcessing "com\expanded\rails\mod\ERMBase.java"

startProcessing "com\expanded\rails\mod\ExpandedBlock.java" md5: 0487948555efe046e76c246d29b4d4ca
Cache Hit!
endProcessing "com\expanded\rails\mod\ExpandedBlock.java"

startProcessing "com\expanded\rails\mod\ExpandedItem.java" md5: 17943a0d3c672aa5afdcf96559bd87eb
Cache Hit!
endProcessing "com\expanded\rails\mod\ExpandedItem.java"

startProcessing "com\expanded\rails\mod\Stacks.java" md5: a6289c9f015805f3482ac2e172049bfc
Cache Hit!
endProcessing "com\expanded\rails\mod\Stacks.java"

startProcessing "com\expanded\rails\mod\blocks\BlockNileWorkbench.java" md5: 59271ebf442c26dd33e702b153833866
Cache Hit!
endProcessing "com\expanded\rails\mod\blocks\BlockNileWorkbench.java"

startProcessing "com\expanded\rails\mod\blocks\MinecartWhite.java" md5: a4bffe41074fc763c3dc1fb6e2a25d1e
Cache Hit!
endProcessing "com\expanded\rails\mod\blocks\MinecartWhite.java"

startProcessing "com\expanded\rails\mod\client\ClientProxy.java" md5: 7ec771056b266707159370d7c9a2bf7a
Cache Hit!
endProcessing "com\expanded\rails\mod\client\ClientProxy.java"

startProcessing "com\expanded\rails\mod\client\ServerProxy.java" md5: 3a64e68f165573b8db3c3462a7d981a8
Cache Hit!
endProcessing "com\expanded\rails\mod\client\ServerProxy.java"

startProcessing "com\expanded\rails\mod\gui\ContainerNileWorkbench.java" md5: f88b894f30aa415b5887f85ec266e8e4
Cache Hit!
endProcessing "com\expanded\rails\mod\gui\ContainerNileWorkbench.java"

startProcessing "com\expanded\rails\mod\gui\GuiNileWorkbench.java" md5: 664d2d5a8ed5316acaf3edb5e9cb0359
Cache Hit!
endProcessing "com\expanded\rails\mod\gui\GuiNileWorkbench.java"

startProcessing "com\expanded\rails\mod\gui\SlotNileCrafting.java" md5: 18b5bba733776112d7a684136fb7536d
Cache Hit!
endProcessing "com\expanded\rails\mod\gui\SlotNileCrafting.java"

startProcessing "com\expanded\rails\mod\gui\TileEntityNileWorkbench.java" md5: b50feaa0c60139dc39b4a793db82d410
Cache Hit!
endProcessing "com\expanded\rails\mod\gui\TileEntityNileWorkbench.java"

startProcessing "com\expanded\rails\mod\items\ItemFrameGreen.java" md5: 8352f9d7431ec32a75a681a985acef04
Cache Hit!
endProcessing "com\expanded\rails\mod\items\ItemFrameGreen.java"

startProcessing "com\expanded\rails\mod\normalrails\BlackWoolRail.java" md5: b25f68d1305a719c4884d680a8247564
Cache Hit!
endProcessing "com\expanded\rails\mod\normalrails\BlackWoolRail.java"

startProcessing "com\expanded\rails\mod\normalrails\BlueWoolRail.java" md5: 30a13edf4346e60c239de67986b3af80
Cache Hit!
endProcessing "com\expanded\rails\mod\normalrails\BlueWoolRail.java"

startProcessing "com\expanded\rails\mod\normalrails\BrickRail.java" md5: 799dfc3a206ca47b042b90d2529dd34c
Cache Hit!
endProcessing "com\expanded\rails\mod\normalrails\BrickRail.java"

startProcessing "com\expanded\rails\mod\normalrails\BrownWoolRail.java" md5: 4abed614828b0b0e78e15f4d84ba4110
Cache Hit!
endProcessing "com\expanded\rails\mod\normalrails\BrownWoolRail.java"

startProcessing "com\expanded\rails\mod\normalrails\CyanWoolRail.java" md5: af720c28330e4502a641a5ddc1973437
Cache Hit!
endProcessing "com\expanded\rails\mod\normalrails\CyanWoolRail.java"

startProcessing "com\expanded\rails\mod\normalrails\DiamondNetherRail.java" md5: 75123f666b346450d75495d0b2a3cd51
Cache Hit!
endProcessing "com\expanded\rails\mod\normalrails\DiamondNetherRail.java"

startProcessing "com\expanded\rails\mod\normalrails\DiamondObsidianRail.java" md5: 375fc1c8116d256097c6a908b5ebdd09
Cache Hit!
endProcessing "com\expanded\rails\mod\normalrails\DiamondObsidianRail.java"

startProcessing "com\expanded\rails\mod\normalrails\GrayWoolRail.java" md5: 32b2df94d90b2594ba6908e501186f2c
Cache Hit!
endProcessing "com\expanded\rails\mod\normalrails\GrayWoolRail.java"

startProcessing "com\expanded\rails\mod\normalrails\GreenWoolRail.java" md5: b7d16981a72a65e676f6a9e52258aa85
Cache Hit!
endProcessing "com\expanded\rails\mod\normalrails\GreenWoolRail.java"

startProcessing "com\expanded\rails\mod\normalrails\LightBlueWoolRail.java" md5: 8ed9e847f4bb03f1a0435cd37d25afda
Cache Hit!
endProcessing "com\expanded\rails\mod\normalrails\LightBlueWoolRail.java"

startProcessing "com\expanded\rails\mod\normalrails\LightGrayWoolRail.java" md5: f511b38a51dbf1e3f04bc46aac7fd866
Cache Hit!
endProcessing "com\expanded\rails\mod\normalrails\LightGrayWoolRail.java"

startProcessing "com\expanded\rails\mod\normalrails\LimeWoolRail.java" md5: 08ce9bd2f0decfa41f797247bfe1a1f3
Cache Hit!
endProcessing "com\expanded\rails\mod\normalrails\LimeWoolRail.java"

startProcessing "com\expanded\rails\mod\normalrails\MagentaWoolRail.java" md5: 6c8dfff5262e3b8b9733759a6a76f0c6
Cache Hit!
endProcessing "com\expanded\rails\mod\normalrails\MagentaWoolRail.java"

startProcessing "com\expanded\rails\mod\normalrails\MonorailBlack.java" md5: 04512f4d00cf51827c9c5811b7237dff
Cache Hit!
endProcessing "com\expanded\rails\mod\normalrails\MonorailBlack.java"

startProcessing "com\expanded\rails\mod\normalrails\MonorailBlue.java" md5: fe3d0a163cab4632871624b4a1c3c4e3
Cache Hit!
endProcessing "com\expanded\rails\mod\normalrails\MonorailBlue.java"

startProcessing "com\expanded\rails\mod\normalrails\MonorailBrown.java" md5: d06fa8f6ab6fa9e31861d3bc4496a05c
Cache Hit!
endProcessing "com\expanded\rails\mod\normalrails\MonorailBrown.java"

startProcessing "com\expanded\rails\mod\normalrails\MonorailCyan.java" md5: 41a374f65c52725ee94e42de887fc4b3
Cache Hit!
endProcessing "com\expanded\rails\mod\normalrails\MonorailCyan.java"

startProcessing "com\expanded\rails\mod\normalrails\MonorailGold.java" md5: 05eab4a7af196ae4b7560cdfef7d1584
Cache Hit!
endProcessing "com\expanded\rails\mod\normalrails\MonorailGold.java"

startProcessing "com\expanded\rails\mod\normalrails\MonorailGray.java" md5: 5daa04e08afd843cd4b39756df150a06
Cache Hit!
endProcessing "com\expanded\rails\mod\normalrails\MonorailGray.java"

startProcessing "com\expanded\rails\mod\normalrails\MonorailGrayOrange.java" md5: 3f56ffc559825e0f6f25584da11acb21
Cache Hit!
endProcessing "com\expanded\rails\mod\normalrails\MonorailGrayOrange.java"

startProcessing "com\expanded\rails\mod\normalrails\MonorailGreen.java" md5: c448b9b6830bd00fc3b11cdc0a8f08e7
Cache Hit!
endProcessing "com\expanded\rails\mod\normalrails\MonorailGreen.java"

startProcessing "com\expanded\rails\mod\normalrails\MonorailLightblue.java" md5: 9f96e0bd1e608cfe27196565883ce5ce
Cache Hit!
endProcessing "com\expanded\rails\mod\normalrails\MonorailLightblue.java"

startProcessing "com\expanded\rails\mod\normalrails\MonorailLightgray.java" md5: 0f94fa6a277a2e62e478f5ea684da28c
Cache Hit!
endProcessing "com\expanded\rails\mod\normalrails\MonorailLightgray.java"

startProcessing "com\expanded\rails\mod\normalrails\MonorailLime.java" md5: 1a33c872250d2de53a08cc16a872325d
Cache Hit!
endProcessing "com\expanded\rails\mod\normalrails\MonorailLime.java"

startProcessing "com\expanded\rails\mod\normalrails\MonorailMagenta.java" md5: 5ac3148d3a934c9f8aa2ffa39f0403ce
Cache Hit!
endProcessing "com\expanded\rails\mod\normalrails\MonorailMagenta.java"

startProcessing "com\expanded\rails\mod\normalrails\MonorailNether.java" md5: 60e5da286778633c3df9d61e050286ed
Cache Hit!
endProcessing "com\expanded\rails\mod\normalrails\MonorailNether.java"

startProcessing "com\expanded\rails\mod\normalrails\MonorailObsidian.java" md5: f189e441aa5a11ceb3606e022e370345
Cache Hit!
endProcessing "com\expanded\rails\mod\normalrails\MonorailObsidian.java"

startProcessing "com\expanded\rails\mod\normalrails\MonorailOrange.java" md5: 94c75fcfa5c1e91f6f8efc6844ea73b6
Cache Hit!
endProcessing "com\expanded\rails\mod\normalrails\MonorailOrange.java"

startProcessing "com\expanded\rails\mod\normalrails\MonorailPink.java" md5: 2b7f7a1cdc4b611a90e65cf47376b229
Cache Hit!
endProcessing "com\expanded\rails\mod\normalrails\MonorailPink.java"

startProcessing "com\expanded\rails\mod\normalrails\MonorailPurple.java" md5: 3e423c17895160e1d41b62253578802b
Cache Hit!
endProcessing "com\expanded\rails\mod\normalrails\MonorailPurple.java"

startProcessing "com\expanded\rails\mod\normalrails\MonorailRed.java" md5: 001d2a50afba3f9d6225ca60edb369a4
Cache Hit!
endProcessing "com\expanded\rails\mod\normalrails\MonorailRed.java"

startProcessing "com\expanded\rails\mod\normalrails\MonorailRedGreen.java" md5: 65a869b8bc9cdbf2761e9861c84a5139
Cache Hit!
endProcessing "com\expanded\rails\mod\normalrails\MonorailRedGreen.java"

startProcessing "com\expanded\rails\mod\normalrails\MonorailWhite.java" md5: b43012398ff88cb1efce579b91d839ba
Cache Hit!
endProcessing "com\expanded\rails\mod\normalrails\MonorailWhite.java"

startProcessing "com\expanded\rails\mod\normalrails\MonorailYellow.java" md5: ff63a9c9ae36fef0367d215349e6d994
Cache Hit!
endProcessing "com\expanded\rails\mod\normalrails\MonorailYellow.java"

startProcessing "com\expanded\rails\mod\normalrails\MonorailYellowBlue.java" md5: 013e3f1eb3e4b8ef9433c886503ce35e
Cache Hit!
endProcessing "com\expanded\rails\mod\normalrails\MonorailYellowBlue.java"

startProcessing "com\expanded\rails\mod\normalrails\NetherStarRail.java" md5: 495effbcd0579c3c5b278d18c0fdcb7a
Cache Hit!
endProcessing "com\expanded\rails\mod\normalrails\NetherStarRail.java"

startProcessing "com\expanded\rails\mod\normalrails\ObsidianRail.java" md5: f1b95447a2fe9068a015697557ae1dcf
Cache Hit!
endProcessing "com\expanded\rails\mod\normalrails\ObsidianRail.java"

startProcessing "com\expanded\rails\mod\normalrails\OrangeWoolRail.java" md5: 58d233eb4e3ca841c8073b80584b3f8b
Cache Hit!
endProcessing "com\expanded\rails\mod\normalrails\OrangeWoolRail.java"

startProcessing "com\expanded\rails\mod\normalrails\PinkWoolRail.java" md5: 89711bdd32b2d1a4f1b859dc767566f4
Cache Hit!
endProcessing "com\expanded\rails\mod\normalrails\PinkWoolRail.java"

startProcessing "com\expanded\rails\mod\normalrails\PurpleWoolRail.java" md5: 7be7ccfc8919a43f740899b6a34d6ce0
Cache Hit!
endProcessing "com\expanded\rails\mod\normalrails\PurpleWoolRail.java"

startProcessing "com\expanded\rails\mod\normalrails\RedWoolRail.java" md5: 318c006ea5a26998f8c2051eb2df2dd0
Cache Hit!
endProcessing "com\expanded\rails\mod\normalrails\RedWoolRail.java"

startProcessing "com\expanded\rails\mod\normalrails\TriplerailBlack.java" md5: a933a583c2ca5d1c1fb71990a2ab8887
Cache Hit!
endProcessing "com\expanded\rails\mod\normalrails\TriplerailBlack.java"

startProcessing "com\expanded\rails\mod\normalrails\TriplerailBlue.java" md5: ac3f990665567fcb144d1684e99d0c92
Cache Hit!
endProcessing "com\expanded\rails\mod\normalrails\TriplerailBlue.java"

startProcessing "com\expanded\rails\mod\normalrails\TriplerailBrown.java" md5: 7341465213686a571a89ee0a9995e522
Cache Hit!
endProcessing "com\expanded\rails\mod\normalrails\TriplerailBrown.java"

startProcessing "com\expanded\rails\mod\normalrails\TriplerailCyan.java" md5: 09d642f343a7cff2a83b5e0fe1baf2e0
Cache Hit!
endProcessing "com\expanded\rails\mod\normalrails\TriplerailCyan.java"

startProcessing "com\expanded\rails\mod\normalrails\TriplerailGray.java" md5: b479c8933258028d1c0cb636dc53bcc8
Cache Hit!
endProcessing "com\expanded\rails\mod\normalrails\TriplerailGray.java"

startProcessing "com\expanded\rails\mod\normalrails\TriplerailGreen.java" md5: 4ad35a8d8e8d85e0757665b425419d16
Cache Hit!
endProcessing "com\expanded\rails\mod\normalrails\TriplerailGreen.java"

startProcessing "com\expanded\rails\mod\normalrails\TriplerailLightblue.java" md5: 60a9556e567cc23ba2abc49d78ab99cc
Cache Hit!
endProcessing "com\expanded\rails\mod\normalrails\TriplerailLightblue.java"

startProcessing "com\expanded\rails\mod\normalrails\TriplerailLightgray.java" md5: e3d3c53a0a527df4cb69798ede5b3e10
Cache Hit!
endProcessing "com\expanded\rails\mod\normalrails\TriplerailLightgray.java"

startProcessing "com\expanded\rails\mod\normalrails\TriplerailLime.java" md5: d62a28639b3186b0639dc7a7d6aefaaa
Cache Hit!
endProcessing "com\expanded\rails\mod\normalrails\TriplerailLime.java"

startProcessing "com\expanded\rails\mod\normalrails\TriplerailMagenta.java" md5: c47fc8794604fdd665203374c236c23a
Cache Hit!
endProcessing "com\expanded\rails\mod\normalrails\TriplerailMagenta.java"

startProcessing "com\expanded\rails\mod\normalrails\TriplerailNether.java" md5: ce9578245ecfb222cb04705327a9a8b4
Cache Hit!
endProcessing "com\expanded\rails\mod\normalrails\TriplerailNether.java"

startProcessing "com\expanded\rails\mod\normalrails\TriplerailObsidian.java" md5: a44cfd15d6f12e42e75b9a5749718c1c
Cache Hit!
endProcessing "com\expanded\rails\mod\normalrails\TriplerailObsidian.java"

startProcessing "com\expanded\rails\mod\normalrails\TriplerailOrange.java" md5: 594f6281485364cd2168ad533007326c
Cache Hit!
endProcessing "com\expanded\rails\mod\normalrails\TriplerailOrange.java"

startProcessing "com\expanded\rails\mod\normalrails\TriplerailPink.java" md5: 28c4f3bdcf4c7c5b6ceaa083a288fa48
Cache Hit!
endProcessing "com\expanded\rails\mod\normalrails\TriplerailPink.java"

startProcessing "com\expanded\rails\mod\normalrails\TriplerailPurple.java" md5: 4b34d90451337d6158c981b8d6bcc4bd
Cache Hit!
endProcessing "com\expanded\rails\mod\normalrails\TriplerailPurple.java"

startProcessing "com\expanded\rails\mod\normalrails\TriplerailRed.java" md5: 72a4879c8ae0c09f94140325b52d01ce
Cache Hit!
endProcessing "com\expanded\rails\mod\normalrails\TriplerailRed.java"

startProcessing "com\expanded\rails\mod\normalrails\TriplerailWhite.java" md5: a6db3ab409c0687c42b36a8dd59e3dd4
Cache Hit!
endProcessing "com\expanded\rails\mod\normalrails\TriplerailWhite.java"

startProcessing "com\expanded\rails\mod\normalrails\TriplerailYellow.java" md5: 73bdb6945cc4f75edbbc6233674ef257
Cache Hit!
endProcessing "com\expanded\rails\mod\normalrails\TriplerailYellow.java"

startProcessing "com\expanded\rails\mod\normalrails\WhiteWoolRail.java" md5: b9f7078d1c0c387db14184d72678d361
Cache Hit!
endProcessing "com\expanded\rails\mod\normalrails\WhiteWoolRail.java"

startProcessing "com\expanded\rails\mod\normalrails\YellowWoolRail.java" md5: d927a61eb81aebf4f18ad948f6189741
Cache Hit!
endProcessing "com\expanded\rails\mod\normalrails\YellowWoolRail.java"

startProcessing "com\expanded\rails\mod\rails\ArmedRail.java" md5: 998820e6adaa6749a6ac1b6ac3eef415
Cache Hit!
endProcessing "com\expanded\rails\mod\rails\ArmedRail.java"

startProcessing "com\expanded\rails\mod\rails\ChainRail.java" md5: 4bc6923d8d088efc709938b2d4687427
Cache Hit!
endProcessing "com\expanded\rails\mod\rails\ChainRail.java"

startProcessing "com\expanded\rails\mod\rails\DiamondRail.java" md5: 948447b49434a12c4a5197d509310cfd
Cache Hit!
endProcessing "com\expanded\rails\mod\rails\DiamondRail.java"

startProcessing "com\expanded\rails\mod\rails\EmeraldRail.java" md5: 7710745b4e8219ef01f2ee43bfef8e4b
Cache Hit!
endProcessing "com\expanded\rails\mod\rails\EmeraldRail.java"

startProcessing "com\expanded\rails\mod\rails\EnderPearlDiamondRail.java" md5: 7d88f68f480bb5c687eab694cd388597
Cache Hit!
endProcessing "com\expanded\rails\mod\rails\EnderPearlDiamondRail.java"

startProcessing "com\expanded\rails\mod\rails\EnderPearlRail.java" md5: 7633845bdc902eb5872fd805f7fedf8b
Cache Hit!
endProcessing "com\expanded\rails\mod\rails\EnderPearlRail.java"

startProcessing "com\expanded\rails\mod\rails\GlowstoneRail.java" md5: fdf246f2c5029b4b730cd1091f08b66f
Cache Hit!
endProcessing "com\expanded\rails\mod\rails\GlowstoneRail.java"

startProcessing "com\expanded\rails\mod\rails\IceRail.java" md5: cd62a3a38e6fefc05bc4e4bb14198f4e
Cache Hit!
endProcessing "com\expanded\rails\mod\rails\IceRail.java"

startProcessing "com\expanded\rails\mod\rails\LapisRail.java" md5: 7c4cdd39177908d8c5110c7632899679
Cache Hit!
endProcessing "com\expanded\rails\mod\rails\LapisRail.java"

startProcessing "com\expanded\rails\mod\rails\MonorailArmed.java" md5: 6fede162556254a1b98127340fcb1fa8
Cache Hit!
endProcessing "com\expanded\rails\mod\rails\MonorailArmed.java"

startProcessing "com\expanded\rails\mod\rails\MonorailChain.java" md5: 6639f0599d2520a5526f400dfea57fb7
Cache Hit!
endProcessing "com\expanded\rails\mod\rails\MonorailChain.java"

startProcessing "com\expanded\rails\mod\rails\MonorailDiamond.java" md5: 7e2aec0e2b1807c0815c196c8e2d4b98
Cache Hit!
endProcessing "com\expanded\rails\mod\rails\MonorailDiamond.java"

startProcessing "com\expanded\rails\mod\rails\MonorailEmerald.java" md5: d860e3d5cbc7cf32ee4595416b05b486
Cache Hit!
endProcessing "com\expanded\rails\mod\rails\MonorailEmerald.java"

startProcessing "com\expanded\rails\mod\rails\MonorailEnderPearl.java" md5: 97386b40b27bc613b1d060f45150da50
Cache Hit!
endProcessing "com\expanded\rails\mod\rails\MonorailEnderPearl.java"

startProcessing "com\expanded\rails\mod\rails\MonorailEnderPearlDiamond.java" md5: 71b0957fb99b76666b676858883360ae
Cache Hit!
endProcessing "com\expanded\rails\mod\rails\MonorailEnderPearlDiamond.java"

startProcessing "com\expanded\rails\mod\rails\MonorailGlowing.java" md5: 2df97cd7d38528ee48a6bddad8a6e0d7
Cache Hit!
endProcessing "com\expanded\rails\mod\rails\MonorailGlowing.java"

startProcessing "com\expanded\rails\mod\rails\MonorailIce.java" md5: 7730a2ca2dacc2d8fcfd4e28155750b8
Cache Hit!
endProcessing "com\expanded\rails\mod\rails\MonorailIce.java"

startProcessing "com\expanded\rails\mod\rails\MonorailLapis.java" md5: eb0d4fc571832b350be6e81ebcd256bb
Cache Hit!
endProcessing "com\expanded\rails\mod\rails\MonorailLapis.java"

startProcessing "com\expanded\rails\mod\rails\MonorailPowered.java" md5: 15a68ca1bf4400b9bb8c20b00f78d303
Cache Hit!
endProcessing "com\expanded\rails\mod\rails\MonorailPowered.java"

startProcessing "com\expanded\rails\mod\rails\TriplerailArmed.java" md5: c61b13c99a2a9e38a378ec890a75d3a9
Cache Hit!
endProcessing "com\expanded\rails\mod\rails\TriplerailArmed.java"

startProcessing "com\expanded\rails\mod\rails\TriplerailChain.java" md5: 839e602ac8742850e0cb77763c6d183f
Cache Hit!
endProcessing "com\expanded\rails\mod\rails\TriplerailChain.java"

startProcessing "com\expanded\rails\mod\rails\TriplerailDiamond.java" md5: 4674df54ecedbf657f2629961d4de217
Cache Hit!
endProcessing "com\expanded\rails\mod\rails\TriplerailDiamond.java"

startProcessing "com\expanded\rails\mod\rails\TriplerailEmerald.java" md5: f78ce2c052959ad4237940e1351ab365
Cache Hit!
endProcessing "com\expanded\rails\mod\rails\TriplerailEmerald.java"

startProcessing "com\expanded\rails\mod\rails\TriplerailEnderPearl.java" md5: f8765a68e83f2402fc537a602521fd8b
Cache Hit!
endProcessing "com\expanded\rails\mod\rails\TriplerailEnderPearl.java"

startProcessing "com\expanded\rails\mod\rails\TriplerailEnderPearlDiamond.java" md5: bd11bb333476151103d0b0a64fcf83bf
Cache Hit!
endProcessing "com\expanded\rails\mod\rails\TriplerailEnderPearlDiamond.java"

startProcessing "com\expanded\rails\mod\rails\TriplerailGlowing.java" md5: dc8d5f77920c862479111428da6df750
Cache Hit!
endProcessing "com\expanded\rails\mod\rails\TriplerailGlowing.java"

startProcessing "com\expanded\rails\mod\rails\TriplerailIce.java" md5: e96a8fa604b0766cbe8cbaab3d33574b
Cache Hit!
endProcessing "com\expanded\rails\mod\rails\TriplerailIce.java"

startProcessing "com\expanded\rails\mod\rails\TriplerailLapis.java" md5: f3247fe76beb8fb95e4fee3d8e331952
Cache Hit!
endProcessing "com\expanded\rails\mod\rails\TriplerailLapis.java"

